  test.c
C:\Users\wrrtx\Documents\source\repos\question\pta\pta_03_7_10_guess the numbers\pta_03_7_10_guess the numbers\test.c(7,2): warning C4013: “scanf”未定义；假设外部返回 int
C:\Users\wrrtx\Documents\source\repos\question\pta\pta_03_7_10_guess the numbers\pta_03_7_10_guess the numbers\test.c(15,4): warning C4013: “printf”未定义；假设外部返回 int
test.obj : error LNK2019: 无法解析的外部符号 scanf，函数 main 中引用了该符号
test.obj : error LNK2019: 无法解析的外部符号 printf，函数 main 中引用了该符号
C:\Users\wrrtx\Documents\source\repos\question\pta\pta_03_7_10_guess the numbers\x64\Debug\pta_03_7_10_guess the numbers.exe : fatal error LNK1120: 2 个无法解析的外部命令
